*** Using Compiler 'V5.06 update 6 (build 750)', folder: 'F:\Keil_v5\ARM\ARMCC\Bin'
Build target 'reclose'
assembling startup_stm32g070xx.s...
compiling adc.c...
compiling main.c...
compiling gpio.c...
compiling rtc.c...
compiling iwdg.c...
compiling tim.c...
compiling stm32g0xx_hal_msp.c...
compiling stm32g0xx_it.c...
compiling usart.c...
compiling stm32g0xx_hal_adc_ex.c...
compiling stm32g0xx_hal_gpio.c...
compiling stm32g0xx_ll_adc.c...
compiling stm32g0xx_hal_adc.c...
compiling stm32g0xx_hal_iwdg.c...
compiling stm32g0xx_hal_rtc_ex.c...
compiling stm32g0xx_hal_rtc.c...
compiling stm32g0xx_hal_tim_ex.c...
compiling stm32g0xx_hal_tim.c...
compiling stm32g0xx_hal_uart.c...
compiling stm32g0xx_hal_uart_ex.c...
compiling stm32g0xx_ll_rcc.c...
compiling stm32g0xx_hal_rcc_ex.c...
compiling stm32g0xx_hal_rcc.c...
compiling stm32g0xx_hal_flash_ex.c...
compiling stm32g0xx_hal_flash.c...
compiling stm32g0xx_hal_dma.c...
compiling stm32g0xx_hal_dma_ex.c...
compiling stm32g0xx_hal_pwr.c...
compiling stm32g0xx_hal_pwr_ex.c...
compiling stm32g0xx_hal_exti.c...
compiling stm32g0xx_hal.c...
compiling stm32g0xx_hal_cortex.c...
compiling system_stm32g0xx.c...
linking...
Program Size: Code=9496 RO-data=312 RW-data=16 ZI-data=1392  
FromELF: creating hex file...
"reclose\reclose.axf" - 0 Error(s), 0 Warning(s).
Build Time Elapsed:  00:00:42
